2024-12-19 11:27:36 [http-nio-8081-exec-7] INFO  operations.teacher - 教师 (id:77, 姓名:周旭豪, 昵称:logic) 获取班级列表
2024-12-19 11:27:37 [http-nio-8081-exec-8] INFO  operations.teacher - 教师 (id:77, 姓名:周旭豪, 昵称:logic) 获取小组列表
2024-12-19 11:28:00 [http-nio-8081-exec-3] INFO  operations.teacher - 教师 (id:77, 姓名:周旭豪, 昵称:logic) 获取小组 (id:30, 名字:八年级四班一组) 的成员列表
2024-12-19 12:49:25 [http-nio-8081-exec-5] INFO  operations.teacher - 教师 (id:77, 姓名:周旭豪, 昵称:logic) 查看知识点
2024-12-20 01:10:57 [http-nio-8081-exec-2] INFO  operations.teacher - 教师 (id:77, 姓名:周旭豪, 昵称:logic) 查看课标 (id:144, 标题:课程标准, 执行日期:2024-11-29)
2024-12-20 01:10:58 [http-nio-8081-exec-8] INFO  operations.teacher - 教师 (id:77, 姓名:周旭豪, 昵称:logic) 查看知识点
2024-12-20 01:11:04 [http-nio-8081-exec-1] INFO  operations.teacher - 教师 (id:77, 姓名:周旭豪, 昵称:logic) 获取班级列表
2024-12-20 01:11:05 [http-nio-8081-exec-4] INFO  operations.teacher - 教师 (id:77, 姓名:周旭豪, 昵称:logic) 获取小组列表
2024-12-20 01:11:16 [http-nio-8081-exec-10] INFO  operations.teacher - 教师 (id:77, 姓名:周旭豪, 昵称:logic) 获取班级 (id:22, 名字:八年级四班) 的成员列表
2024-12-20 01:11:26 [http-nio-8081-exec-10] INFO  operations.teacher - 教师 (id:77, 姓名:周旭豪, 昵称:logic) 获取班级 (id:23, 名字:九年级一班) 的成员列表
2024-12-20 01:11:35 [http-nio-8081-exec-8] INFO  operations.teacher - 教师 (id:77, 姓名:周旭豪, 昵称:logic) 获取知识点列表
2024-12-20 01:11:35 [http-nio-8081-exec-9] INFO  operations.teacher - 教师 (id:77, 姓名:周旭豪, 昵称:logic) 获取知识点列表
2024-12-20 01:11:35 [http-nio-8081-exec-5] INFO  operations.teacher - 教师 (id:77, 姓名:周旭豪, 昵称:logic) 获取知识点列表
2024-12-20 01:11:40 [http-nio-8081-exec-1] INFO  operations.teacher - 教师 (id:77, 姓名:周旭豪, 昵称:logic) 获取班级列表
2024-12-20 01:11:41 [http-nio-8081-exec-4] INFO  operations.teacher - 教师 (id:77, 姓名:周旭豪, 昵称:logic) 获取小组列表
2024-12-20 01:11:53 [http-nio-8081-exec-10] INFO  operations.teacher - 老师 (id:77, 姓名:周旭豪, 昵称:logic) 使用了根据题型出卷功能
2024-12-20 01:12:26 [http-nio-8081-exec-6] INFO  operations.teacher - 老师 (id:77, 姓名:周旭豪, 昵称:logic) 使用了根据题型出卷功能
2024-12-20 01:14:10 [http-nio-8081-exec-4] INFO  operations.teacher - 教师 (id:77, 姓名:周旭豪, 昵称:logic) 获取了试卷列表
2024-12-20 01:14:10 [http-nio-8081-exec-5] INFO  operations.teacher - 教师 (id:77, 姓名:周旭豪, 昵称:logic) 获取班级列表
2024-12-20 01:14:11 [http-nio-8081-exec-1] INFO  operations.teacher - 教师 (id:77, 姓名:周旭豪, 昵称:logic) 获取小组列表
2024-12-20 01:14:13 [http-nio-8081-exec-3] INFO  operations.teacher - 老师 (id:77, 姓名:周旭豪, 昵称:logic) 获取作业列表
2024-12-20 01:14:18 [http-nio-8081-exec-10] INFO  operations.teacher - 老师 (id:77, 姓名:周旭豪, 昵称:logic) 获取作业 (id:14, title:作业三) 的提交列表
2024-12-20 01:16:00 [http-nio-8081-exec-3] INFO  operations.teacher - 老师 (id:77, 姓名:周旭豪, 昵称:logic) 获取作业列表
2024-12-20 01:16:08 [http-nio-8081-exec-10] INFO  operations.teacher - 老师 (id:77, 姓名:周旭豪, 昵称:logic) 获取作业 (id:14, title:作业三) 的提交列表
2024-12-20 01:18:00 [http-nio-8081-exec-5] INFO  operations.teacher - 老师 (id:77, 姓名:周旭豪, 昵称:logic) 获取作业列表
2024-12-20 01:18:04 [http-nio-8081-exec-1] INFO  operations.teacher - 老师 (id:77, 姓名:周旭豪, 昵称:logic) 获取作业 (id:14, title:作业三) 的提交列表
2024-12-20 01:18:30 [http-nio-8081-exec-3] INFO  operations.teacher - 老师 (id:77, 姓名:周旭豪, 昵称:logic) 获取作业 (id:14, title:作业三) 的提交列表
2024-12-20 01:18:33 [http-nio-8081-exec-10] INFO  operations.teacher - 老师 (id:77, 姓名:周旭豪, 昵称:logic) 获取作业 (id:3, title:作业二) 的提交列表
2024-12-20 01:23:00 [http-nio-8081-exec-2] INFO  operations.teacher - 老师 (id:77, 姓名:周旭豪, 昵称:logic) 获取作业 (id:14, title:作业三) 的提交列表
2024-12-20 01:24:46 [http-nio-8081-exec-1] INFO  operations.teacher - 老师 (id:77, 姓名:周旭豪, 昵称:logic) 获取作业列表
2024-12-20 01:24:51 [http-nio-8081-exec-3] INFO  operations.teacher - 教师 (id:77, 姓名:周旭豪, 昵称:logic) 获取了试卷列表
2024-12-20 01:24:51 [http-nio-8081-exec-10] INFO  operations.teacher - 教师 (id:77, 姓名:周旭豪, 昵称:logic) 获取班级列表
2024-12-20 01:24:51 [http-nio-8081-exec-6] INFO  operations.teacher - 教师 (id:77, 姓名:周旭豪, 昵称:logic) 获取小组列表
2024-12-20 01:25:43 [http-nio-8081-exec-9] INFO  operations.teacher - 教师 (id:77, 姓名:周旭豪, 昵称:logic) 获取班级列表
2024-12-20 01:25:44 [http-nio-8081-exec-4] INFO  operations.teacher - 教师 (id:77, 姓名:周旭豪, 昵称:logic) 获取小组列表
2024-12-20 01:25:47 [http-nio-8081-exec-5] INFO  operations.teacher - 教师 (id:77, 姓名:周旭豪, 昵称:logic) 获取了试卷列表
2024-12-20 01:25:47 [http-nio-8081-exec-1] INFO  operations.teacher - 教师 (id:77, 姓名:周旭豪, 昵称:logic) 获取班级列表
2024-12-20 01:25:48 [http-nio-8081-exec-3] INFO  operations.teacher - 教师 (id:77, 姓名:周旭豪, 昵称:logic) 获取小组列表
2024-12-20 01:25:52 [http-nio-8081-exec-10] INFO  operations.teacher - 老师 (id:77, 姓名:周旭豪, 昵称:logic) 获取作业列表
2024-12-20 01:26:02 [http-nio-8081-exec-6] INFO  operations.teacher - 老师 (id:77, 姓名:周旭豪, 昵称:logic) 获取作业列表
2024-12-20 01:26:06 [http-nio-8081-exec-7] INFO  operations.teacher - 老师 (id:77, 姓名:周旭豪, 昵称:logic) 获取作业 (id:14, title:作业三) 的提交列表
2024-12-20 01:27:31 [http-nio-8081-exec-10] INFO  operations.teacher - 教师 (id:77, 姓名:周旭豪, 昵称:logic) 获取了试卷列表
2024-12-20 01:27:31 [http-nio-8081-exec-6] INFO  operations.teacher - 教师 (id:77, 姓名:周旭豪, 昵称:logic) 获取班级列表
2024-12-20 01:27:31 [http-nio-8081-exec-7] INFO  operations.teacher - 教师 (id:77, 姓名:周旭豪, 昵称:logic) 获取小组列表
2024-12-20 01:27:31 [http-nio-8081-exec-8] INFO  operations.teacher - 老师 (id:77, 姓名:周旭豪, 昵称:logic) 获取作业列表
2024-12-20 01:27:36 [http-nio-8081-exec-2] INFO  operations.teacher - 老师 (id:77, 姓名:周旭豪, 昵称:logic) 获取作业 (id:14, title:作业三) 的提交列表
2024-12-20 01:31:11 [http-nio-8081-exec-8] INFO  operations.teacher - 老师 (id:77, 姓名:周旭豪, 昵称:logic) 获取作业列表
2024-12-20 01:31:16 [http-nio-8081-exec-2] INFO  operations.teacher - 老师 (id:77, 姓名:周旭豪, 昵称:logic) 获取作业 (id:14, title:作业三) 的提交列表
2024-12-20 01:34:16 [http-nio-8081-exec-7] INFO  operations.teacher - 教师 (id:77, 姓名:周旭豪, 昵称:logic) 获取了试卷列表
2024-12-20 01:34:16 [http-nio-8081-exec-8] INFO  operations.teacher - 教师 (id:77, 姓名:周旭豪, 昵称:logic) 获取班级列表
2024-12-20 01:34:16 [http-nio-8081-exec-2] INFO  operations.teacher - 教师 (id:77, 姓名:周旭豪, 昵称:logic) 获取小组列表
2024-12-20 01:34:18 [http-nio-8081-exec-9] INFO  operations.teacher - 老师 (id:77, 姓名:周旭豪, 昵称:logic) 获取作业列表
2024-12-20 01:34:26 [http-nio-8081-exec-4] INFO  operations.teacher - 老师 (id:77, 姓名:周旭豪, 昵称:logic) 获取作业 (id:14, title:作业三) 的提交列表
2024-12-20 01:48:09 [http-nio-8081-exec-10] INFO  operations.teacher - 老师 (id:77, 姓名:周旭豪, 昵称:logic) 获取作业列表
2024-12-20 01:49:37 [http-nio-8081-exec-7] INFO  operations.teacher - 老师 (id:77, 姓名:周旭豪, 昵称:logic) 获取作业 (id:14, title:作业三) 的提交列表
2024-12-20 01:58:26 [http-nio-8081-exec-5] INFO  operations.teacher - 老师 (id:77, 姓名:周旭豪, 昵称:logic) 获取作业列表
2024-12-20 02:02:05 [http-nio-8081-exec-6] INFO  operations.teacher - 老师 (id:77, 姓名:周旭豪, 昵称:logic) 获取作业 (id:15, title:作业四) 的提交列表
2024-12-20 02:02:42 [http-nio-8081-exec-8] INFO  operations.teacher - 老师 (id:77, 姓名:周旭豪, 昵称:logic) 获取作业 (id:1, title:作业一) 的提交列表
2024-12-20 02:02:44 [http-nio-8081-exec-2] INFO  operations.teacher - 老师 (id:77, 姓名:周旭豪, 昵称:logic) 获取作业 (id:15, title:作业四) 的提交列表
2024-12-20 02:02:49 [http-nio-8081-exec-4] INFO  operations.teacher - 老师 (id:77, 姓名:周旭豪, 昵称:logic) 获取作业 (id:3, title:作业二) 的提交列表
2024-12-20 02:06:51 [http-nio-8081-exec-1] INFO  operations.teacher - 老师 (id:77, 姓名:周旭豪, 昵称:logic) 获取作业列表
2024-12-20 02:06:55 [http-nio-8081-exec-10] INFO  operations.teacher - 老师 (id:77, 姓名:周旭豪, 昵称:logic) 获取作业 (id:14, title:作业三) 的提交列表
2024-12-20 02:06:59 [http-nio-8081-exec-6] INFO  operations.teacher - 老师 (id:77, 姓名:周旭豪, 昵称:logic) 获取作业 (id:14, title:作业三) 的提交列表
2024-12-20 02:07:05 [http-nio-8081-exec-7] INFO  operations.teacher - 老师 (id:77, 姓名:周旭豪, 昵称:logic) 获取作业 (id:15, title:作业四) 的提交列表
2024-12-20 02:07:19 [http-nio-8081-exec-8] INFO  operations.teacher - 老师 (id:77, 姓名:周旭豪, 昵称:logic) 获取作业 (id:3, title:作业二) 的提交列表
2024-12-20 02:08:29 [http-nio-8081-exec-9] INFO  operations.teacher - 老师 (id:77, 姓名:周旭豪, 昵称:logic) 获取作业列表
2024-12-20 02:08:32 [http-nio-8081-exec-4] INFO  operations.teacher - 老师 (id:77, 姓名:周旭豪, 昵称:logic) 获取作业 (id:14, title:作业三) 的提交列表
2024-12-20 02:09:09 [http-nio-8081-exec-5] INFO  operations.teacher - 老师 (id:77, 姓名:周旭豪, 昵称:logic) 获取作业列表
2024-12-20 02:09:46 [http-nio-8081-exec-1] INFO  operations.teacher - 老师 (id:77, 姓名:周旭豪, 昵称:logic) 获取作业 (id:14, title:作业三) 的提交列表
2024-12-20 02:10:22 [http-nio-8081-exec-3] INFO  operations.teacher - 老师 (id:77, 姓名:周旭豪, 昵称:logic) 获取作业列表
2024-12-20 02:10:26 [http-nio-8081-exec-10] INFO  operations.teacher - 老师 (id:77, 姓名:周旭豪, 昵称:logic) 获取作业 (id:1, title:作业一) 的提交列表
2024-12-20 02:10:35 [http-nio-8081-exec-6] INFO  operations.teacher - 老师 (id:77, 姓名:周旭豪, 昵称:logic) 获取作业 (id:15, title:作业四) 的提交列表
2024-12-20 02:11:55 [http-nio-8081-exec-8] INFO  operations.teacher - 老师 (id:77, 姓名:周旭豪, 昵称:logic) 获取作业列表
2024-12-20 02:12:01 [http-nio-8081-exec-2] INFO  operations.teacher - 老师 (id:77, 姓名:周旭豪, 昵称:logic) 获取作业 (id:3, title:作业二) 的提交列表
2024-12-20 02:12:47 [http-nio-8081-exec-9] INFO  operations.teacher - 老师 (id:77, 姓名:周旭豪, 昵称:logic) 获取作业列表
2024-12-20 02:12:54 [http-nio-8081-exec-4] INFO  operations.teacher - 老师 (id:77, 姓名:周旭豪, 昵称:logic) 获取作业 (id:3, title:作业二) 的提交列表
2024-12-20 02:13:42 [http-nio-8081-exec-5] INFO  operations.teacher - 老师 (id:77, 姓名:周旭豪, 昵称:logic) 获取作业 (id:15, title:作业四) 的提交列表
2024-12-20 02:14:54 [http-nio-8081-exec-3] INFO  operations.teacher - 老师 (id:77, 姓名:周旭豪, 昵称:logic) 获取作业列表
2024-12-20 02:15:00 [http-nio-8081-exec-10] INFO  operations.teacher - 老师 (id:77, 姓名:周旭豪, 昵称:logic) 获取作业 (id:3, title:作业二) 的提交列表
2024-12-20 02:17:58 [http-nio-8081-exec-7] INFO  operations.teacher - 老师 (id:77, 姓名:周旭豪, 昵称:logic) 获取作业列表
2024-12-20 02:18:02 [http-nio-8081-exec-8] INFO  operations.teacher - 老师 (id:77, 姓名:周旭豪, 昵称:logic) 获取作业 (id:14, title:作业三) 的提交列表
2024-12-20 02:18:30 [http-nio-8081-exec-2] INFO  operations.teacher - 老师 (id:77, 姓名:周旭豪, 昵称:logic) 获取作业列表
2024-12-20 02:18:40 [http-nio-8081-exec-9] INFO  operations.teacher - 老师 (id:77, 姓名:周旭豪, 昵称:logic) 获取作业 (id:3, title:作业二) 的提交列表
2024-12-20 02:18:54 [http-nio-8081-exec-4] INFO  operations.teacher - 老师 (id:77, 姓名:周旭豪, 昵称:logic) 获取作业 (id:1, title:作业一) 的提交列表
2024-12-20 02:19:57 [http-nio-8081-exec-1] INFO  operations.teacher - 老师 (id:77, 姓名:周旭豪, 昵称:logic) 获取作业列表
2024-12-20 02:21:42 [http-nio-8081-exec-10] INFO  operations.teacher - 老师 (id:77, 姓名:周旭豪, 昵称:logic) 获取作业列表
2024-12-20 02:21:47 [http-nio-8081-exec-6] INFO  operations.teacher - 老师 (id:77, 姓名:周旭豪, 昵称:logic) 获取作业 (id:14, title:作业三) 的提交列表
2024-12-20 02:22:38 [http-nio-8081-exec-7] INFO  operations.teacher - 老师 (id:77, 姓名:周旭豪, 昵称:logic) 获取作业列表
2024-12-20 02:25:36 [http-nio-8081-exec-2] INFO  operations.teacher - 老师 (id:77, 姓名:周旭豪, 昵称:logic) 获取作业列表
2024-12-20 02:25:43 [http-nio-8081-exec-9] INFO  operations.teacher - 老师 (id:77, 姓名:周旭豪, 昵称:logic) 获取作业 (id:14, title:作业三) 的提交列表
2024-12-20 02:26:19 [http-nio-8081-exec-4] INFO  operations.teacher - 老师 (id:77, 姓名:周旭豪, 昵称:logic) 获取作业列表
2024-12-20 02:27:06 [http-nio-8081-exec-5] INFO  operations.teacher - 老师 (id:77, 姓名:周旭豪, 昵称:logic) 获取作业列表
2024-12-20 02:27:13 [http-nio-8081-exec-1] INFO  operations.teacher - 老师 (id:77, 姓名:周旭豪, 昵称:logic) 获取作业 (id:15, title:作业四) 的提交列表
2024-12-20 02:27:23 [http-nio-8081-exec-3] INFO  operations.teacher - 老师 (id:77, 姓名:周旭豪, 昵称:logic) 获取作业列表
2024-12-20 02:30:36 [http-nio-8081-exec-6] INFO  operations.teacher - 老师 (id:77, 姓名:周旭豪, 昵称:logic) 获取作业 (id:14, title:作业三) 的提交列表
2024-12-20 02:30:41 [http-nio-8081-exec-8] INFO  operations.teacher - 老师 (id:77, 姓名:周旭豪, 昵称:logic) 获取作业列表
2024-12-20 02:32:28 [http-nio-8081-exec-9] INFO  operations.teacher - 老师 (id:77, 姓名:周旭豪, 昵称:logic) 获取作业列表
2024-12-20 02:32:52 [http-nio-8081-exec-4] INFO  operations.teacher - 老师 (id:77, 姓名:周旭豪, 昵称:logic) 获取作业列表
2024-12-20 02:33:00 [http-nio-8081-exec-5] INFO  operations.teacher - 老师 (id:77, 姓名:周旭豪, 昵称:logic) 获取作业 (id:14, title:作业三) 的提交列表
2024-12-20 02:34:11 [http-nio-8081-exec-3] INFO  operations.teacher - 老师 (id:77, 姓名:周旭豪, 昵称:logic) 获取作业列表
2024-12-20 02:34:19 [http-nio-8081-exec-6] INFO  operations.teacher - 老师 (id:77, 姓名:周旭豪, 昵称:logic) 获取作业 (id:3, title:作业二) 的提交列表
2024-12-20 02:34:24 [http-nio-8081-exec-8] INFO  operations.teacher - 老师 (id:77, 姓名:周旭豪, 昵称:logic) 获取作业 (id:1, title:作业一) 的提交列表
2024-12-20 02:34:31 [http-nio-8081-exec-2] INFO  operations.teacher - 老师 (id:77, 姓名:周旭豪, 昵称:logic) 获取作业列表
2024-12-20 02:34:35 [http-nio-8081-exec-9] INFO  operations.teacher - 老师 (id:77, 姓名:周旭豪, 昵称:logic) 获取作业 (id:14, title:作业三) 的提交列表
2024-12-20 02:34:40 [http-nio-8081-exec-4] INFO  operations.teacher - 老师 (id:77, 姓名:周旭豪, 昵称:logic) 获取作业列表
2024-12-20 02:34:45 [http-nio-8081-exec-1] INFO  operations.teacher - 老师 (id:77, 姓名:周旭豪, 昵称:logic) 获取作业 (id:15, title:作业四) 的提交列表
2024-12-20 02:34:51 [http-nio-8081-exec-3] INFO  operations.teacher - 老师 (id:77, 姓名:周旭豪, 昵称:logic) 获取作业 (id:3, title:作业二) 的提交列表
2024-12-20 02:34:55 [http-nio-8081-exec-10] INFO  operations.teacher - 老师 (id:77, 姓名:周旭豪, 昵称:logic) 获取作业 (id:1, title:作业一) 的提交列表
2024-12-20 02:35:01 [http-nio-8081-exec-6] INFO  operations.teacher - 老师 (id:77, 姓名:周旭豪, 昵称:logic) 获取作业列表
2024-12-20 02:35:05 [http-nio-8081-exec-7] INFO  operations.teacher - 老师 (id:77, 姓名:周旭豪, 昵称:logic) 获取作业 (id:14, title:作业三) 的提交列表
2024-12-20 02:37:01 [http-nio-8081-exec-9] INFO  operations.teacher - 老师 (id:77, 姓名:周旭豪, 昵称:logic) 获取作业 (id:14, title:作业三) 的提交列表
2024-12-20 02:37:08 [http-nio-8081-exec-4] INFO  operations.teacher - 老师 (id:77, 姓名:周旭豪, 昵称:logic) 获取作业 (id:3, title:作业二) 的提交列表
2024-12-20 02:37:15 [http-nio-8081-exec-5] INFO  operations.teacher - 老师 (id:77, 姓名:周旭豪, 昵称:logic) 获取作业 (id:1, title:作业一) 的提交列表
2024-12-20 02:37:24 [http-nio-8081-exec-3] INFO  operations.teacher - 老师 (id:77, 姓名:周旭豪, 昵称:logic) 使用了根据题型出卷功能
2024-12-20 02:38:41 [http-nio-8081-exec-2] INFO  operations.teacher - 教师 (id:77, 姓名:周旭豪, 昵称:logic) 获取知识点列表
2024-12-20 02:38:42 [http-nio-8081-exec-9] INFO  operations.teacher - 教师 (id:77, 姓名:周旭豪, 昵称:logic) 获取知识点列表
2024-12-20 02:41:37 [http-nio-8081-exec-1] INFO  operations.teacher - 老师 (id:77, 姓名:周旭豪, 昵称:logic) 使用了根据题型出卷功能
2024-12-20 02:43:29 [http-nio-8081-exec-6] INFO  operations.teacher - 老师 (id:77, 姓名:周旭豪, 昵称:logic) 使用了根据题型出卷功能
2024-12-20 02:44:20 [http-nio-8081-exec-10] INFO  operations.teacher - 教师 (id:77, 姓名:周旭豪, 昵称:logic) 获取知识点列表
2024-12-20 02:44:25 [http-nio-8081-exec-7] INFO  operations.teacher - 老师 (id:77, 姓名:周旭豪, 昵称:logic) 使用了根据题型出卷功能
2024-12-20 02:45:27 [http-nio-8081-exec-8] INFO  operations.teacher - 老师 (id:77, 姓名:周旭豪, 昵称:logic) 使用了根据题型出卷功能
2024-12-20 02:45:32 [http-nio-8081-exec-2] INFO  operations.teacher - 教师 (id:77, 姓名:周旭豪, 昵称:logic) 获取知识点列表
2024-12-20 02:45:40 [http-nio-8081-exec-4] INFO  operations.teacher - 教师 (id:77, 姓名:周旭豪, 昵称:logic) 获取知识点列表
2024-12-20 02:47:39 [http-nio-8081-exec-6] INFO  operations.teacher - 教师 (id:77, 姓名:周旭豪, 昵称:logic) 获取知识点列表
2024-12-20 02:49:52 [http-nio-8081-exec-2] INFO  operations.teacher - 教师 (id:77, 姓名:周旭豪, 昵称:logic) 获取知识点列表
2024-12-20 02:49:56 [http-nio-8081-exec-1] INFO  operations.teacher - 教师 (id:77, 姓名:周旭豪, 昵称:logic) 获取班级列表
2024-12-20 02:49:57 [http-nio-8081-exec-5] INFO  operations.teacher - 教师 (id:77, 姓名:周旭豪, 昵称:logic) 获取小组列表
2024-12-20 02:50:44 [http-nio-8081-exec-3] INFO  operations.teacher - 教师 (id:77, 姓名:周旭豪, 昵称:logic) 获取知识点列表
2024-12-20 02:50:52 [http-nio-8081-exec-7] INFO  operations.teacher - 教师 (id:77, 姓名:周旭豪, 昵称:logic) 查看课标 (id:144, 标题:课程标准, 执行日期:2024-11-29)
2024-12-20 02:50:54 [http-nio-8081-exec-8] INFO  operations.teacher - 教师 (id:77, 姓名:周旭豪, 昵称:logic) 查看知识点
2024-12-20 02:50:55 [http-nio-8081-exec-9] INFO  operations.teacher - 教师 (id:77, 姓名:周旭豪, 昵称:logic) 获取班级列表
2024-12-20 02:50:56 [http-nio-8081-exec-4] INFO  operations.teacher - 教师 (id:77, 姓名:周旭豪, 昵称:logic) 获取小组列表
2024-12-20 02:54:15 [http-nio-8081-exec-3] INFO  operations.teacher - 教师 (id:77, 姓名:周旭豪, 昵称:logic) 获取班级列表
2024-12-20 02:54:16 [http-nio-8081-exec-6] INFO  operations.teacher - 教师 (id:77, 姓名:周旭豪, 昵称:logic) 获取小组列表
2024-12-20 02:54:36 [http-nio-8081-exec-9] INFO  operations.teacher - 教师 (id:77, 姓名:周旭豪, 昵称:logic) 获取班级列表
2024-12-20 02:54:37 [http-nio-8081-exec-4] INFO  operations.teacher - 教师 (id:77, 姓名:周旭豪, 昵称:logic) 获取小组列表
2024-12-20 02:54:40 [http-nio-8081-exec-5] INFO  operations.teacher - 老师 (id:77, 姓名:周旭豪, 昵称:logic) 获取已上传题目
2024-12-20 02:54:41 [http-nio-8081-exec-3] INFO  operations.teacher - 教师 (id:77, 姓名:周旭豪, 昵称:logic) 获取班级列表
2024-12-20 02:54:42 [http-nio-8081-exec-6] INFO  operations.teacher - 教师 (id:77, 姓名:周旭豪, 昵称:logic) 获取小组列表
2024-12-20 02:55:58 [http-nio-8081-exec-2] INFO  operations.teacher - 教师 (id:77, 姓名:周旭豪, 昵称:logic) 获取班级列表
2024-12-20 02:55:59 [http-nio-8081-exec-8] INFO  operations.teacher - 教师 (id:77, 姓名:周旭豪, 昵称:logic) 获取小组列表
2024-12-20 02:56:02 [http-nio-8081-exec-4] INFO  operations.teacher - 教师 (id:77, 姓名:周旭豪, 昵称:logic) 获取班级列表
2024-12-20 02:56:03 [http-nio-8081-exec-1] INFO  operations.teacher - 教师 (id:77, 姓名:周旭豪, 昵称:logic) 获取小组列表
2024-12-20 02:56:08 [http-nio-8081-exec-6] INFO  operations.teacher - 教师 (id:77, 姓名:周旭豪, 昵称:logic) 查看课标 (id:144, 标题:课程标准, 执行日期:2024-11-29)
2024-12-20 02:56:10 [http-nio-8081-exec-7] INFO  operations.teacher - 教师 (id:77, 姓名:周旭豪, 昵称:logic) 获取班级列表
2024-12-20 02:56:10 [http-nio-8081-exec-10] INFO  operations.teacher - 教师 (id:77, 姓名:周旭豪, 昵称:logic) 获取小组列表
2024-12-20 02:56:18 [http-nio-8081-exec-4] INFO  operations.teacher - 教师 (id:77, 姓名:周旭豪, 昵称:logic) 获取班级列表
2024-12-20 02:56:19 [http-nio-8081-exec-1] INFO  operations.teacher - 教师 (id:77, 姓名:周旭豪, 昵称:logic) 获取小组列表
2024-12-20 01:10:57 [http-nio-8081-exec-2] INFO  operations.teacher - 教师 (id:77, 姓名:周旭豪, 昵称:logic) 查看课标 (id:144, 标题:课程标准, 执行日期:2024-11-29)
2024-12-20 01:10:58 [http-nio-8081-exec-8] INFO  operations.teacher - 教师 (id:77, 姓名:周旭豪, 昵称:logic) 查看知识点
2024-12-20 01:11:04 [http-nio-8081-exec-1] INFO  operations.teacher - 教师 (id:77, 姓名:周旭豪, 昵称:logic) 获取班级列表
2024-12-20 01:11:05 [http-nio-8081-exec-4] INFO  operations.teacher - 教师 (id:77, 姓名:周旭豪, 昵称:logic) 获取小组列表
2024-12-20 01:11:16 [http-nio-8081-exec-10] INFO  operations.teacher - 教师 (id:77, 姓名:周旭豪, 昵称:logic) 获取班级 (id:22, 名字:八年级四班) 的成员列表
2024-12-20 01:11:26 [http-nio-8081-exec-10] INFO  operations.teacher - 教师 (id:77, 姓名:周旭豪, 昵称:logic) 获取班级 (id:23, 名字:九年级一班) 的成员列表
2024-12-20 01:11:35 [http-nio-8081-exec-8] INFO  operations.teacher - 教师 (id:77, 姓名:周旭豪, 昵称:logic) 获取知识点列表
2024-12-20 01:11:35 [http-nio-8081-exec-9] INFO  operations.teacher - 教师 (id:77, 姓名:周旭豪, 昵称:logic) 获取知识点列表
2024-12-20 01:11:35 [http-nio-8081-exec-5] INFO  operations.teacher - 教师 (id:77, 姓名:周旭豪, 昵称:logic) 获取知识点列表
2024-12-20 01:11:40 [http-nio-8081-exec-1] INFO  operations.teacher - 教师 (id:77, 姓名:周旭豪, 昵称:logic) 获取班级列表
2024-12-20 01:11:41 [http-nio-8081-exec-4] INFO  operations.teacher - 教师 (id:77, 姓名:周旭豪, 昵称:logic) 获取小组列表
2024-12-20 01:11:53 [http-nio-8081-exec-10] INFO  operations.teacher - 老师 (id:77, 姓名:周旭豪, 昵称:logic) 使用了根据题型出卷功能
2024-12-20 01:12:26 [http-nio-8081-exec-6] INFO  operations.teacher - 老师 (id:77, 姓名:周旭豪, 昵称:logic) 使用了根据题型出卷功能
2024-12-20 01:14:10 [http-nio-8081-exec-4] INFO  operations.teacher - 教师 (id:77, 姓名:周旭豪, 昵称:logic) 获取了试卷列表
2024-12-20 01:14:10 [http-nio-8081-exec-5] INFO  operations.teacher - 教师 (id:77, 姓名:周旭豪, 昵称:logic) 获取班级列表
2024-12-20 01:14:11 [http-nio-8081-exec-1] INFO  operations.teacher - 教师 (id:77, 姓名:周旭豪, 昵称:logic) 获取小组列表
2024-12-20 01:14:13 [http-nio-8081-exec-3] INFO  operations.teacher - 老师 (id:77, 姓名:周旭豪, 昵称:logic) 获取作业列表
2024-12-20 01:14:18 [http-nio-8081-exec-10] INFO  operations.teacher - 老师 (id:77, 姓名:周旭豪, 昵称:logic) 获取作业 (id:14, title:作业三) 的提交列表
2024-12-20 01:16:00 [http-nio-8081-exec-3] INFO  operations.teacher - 老师 (id:77, 姓名:周旭豪, 昵称:logic) 获取作业列表
2024-12-20 01:16:08 [http-nio-8081-exec-10] INFO  operations.teacher - 老师 (id:77, 姓名:周旭豪, 昵称:logic) 获取作业 (id:14, title:作业三) 的提交列表
2024-12-20 01:18:00 [http-nio-8081-exec-5] INFO  operations.teacher - 老师 (id:77, 姓名:周旭豪, 昵称:logic) 获取作业列表
2024-12-20 01:18:04 [http-nio-8081-exec-1] INFO  operations.teacher - 老师 (id:77, 姓名:周旭豪, 昵称:logic) 获取作业 (id:14, title:作业三) 的提交列表
2024-12-20 01:18:30 [http-nio-8081-exec-3] INFO  operations.teacher - 老师 (id:77, 姓名:周旭豪, 昵称:logic) 获取作业 (id:14, title:作业三) 的提交列表
2024-12-20 01:18:33 [http-nio-8081-exec-10] INFO  operations.teacher - 老师 (id:77, 姓名:周旭豪, 昵称:logic) 获取作业 (id:3, title:作业二) 的提交列表
2024-12-20 01:23:00 [http-nio-8081-exec-2] INFO  operations.teacher - 老师 (id:77, 姓名:周旭豪, 昵称:logic) 获取作业 (id:14, title:作业三) 的提交列表
2024-12-20 01:24:46 [http-nio-8081-exec-1] INFO  operations.teacher - 老师 (id:77, 姓名:周旭豪, 昵称:logic) 获取作业列表
2024-12-20 01:24:51 [http-nio-8081-exec-3] INFO  operations.teacher - 教师 (id:77, 姓名:周旭豪, 昵称:logic) 获取了试卷列表
2024-12-20 01:24:51 [http-nio-8081-exec-10] INFO  operations.teacher - 教师 (id:77, 姓名:周旭豪, 昵称:logic) 获取班级列表
2024-12-20 01:24:51 [http-nio-8081-exec-6] INFO  operations.teacher - 教师 (id:77, 姓名:周旭豪, 昵称:logic) 获取小组列表
2024-12-20 01:25:43 [http-nio-8081-exec-9] INFO  operations.teacher - 教师 (id:77, 姓名:周旭豪, 昵称:logic) 获取班级列表
2024-12-20 01:25:44 [http-nio-8081-exec-4] INFO  operations.teacher - 教师 (id:77, 姓名:周旭豪, 昵称:logic) 获取小组列表
2024-12-20 01:25:47 [http-nio-8081-exec-5] INFO  operations.teacher - 教师 (id:77, 姓名:周旭豪, 昵称:logic) 获取了试卷列表
2024-12-20 01:25:47 [http-nio-8081-exec-1] INFO  operations.teacher - 教师 (id:77, 姓名:周旭豪, 昵称:logic) 获取班级列表
2024-12-20 01:25:48 [http-nio-8081-exec-3] INFO  operations.teacher - 教师 (id:77, 姓名:周旭豪, 昵称:logic) 获取小组列表
2024-12-20 01:25:52 [http-nio-8081-exec-10] INFO  operations.teacher - 老师 (id:77, 姓名:周旭豪, 昵称:logic) 获取作业列表
2024-12-20 01:26:02 [http-nio-8081-exec-6] INFO  operations.teacher - 老师 (id:77, 姓名:周旭豪, 昵称:logic) 获取作业列表
2024-12-20 01:26:06 [http-nio-8081-exec-7] INFO  operations.teacher - 老师 (id:77, 姓名:周旭豪, 昵称:logic) 获取作业 (id:14, title:作业三) 的提交列表
2024-12-20 01:27:31 [http-nio-8081-exec-10] INFO  operations.teacher - 教师 (id:77, 姓名:周旭豪, 昵称:logic) 获取了试卷列表
2024-12-20 01:27:31 [http-nio-8081-exec-6] INFO  operations.teacher - 教师 (id:77, 姓名:周旭豪, 昵称:logic) 获取班级列表
2024-12-20 01:27:31 [http-nio-8081-exec-7] INFO  operations.teacher - 教师 (id:77, 姓名:周旭豪, 昵称:logic) 获取小组列表
2024-12-20 01:27:31 [http-nio-8081-exec-8] INFO  operations.teacher - 老师 (id:77, 姓名:周旭豪, 昵称:logic) 获取作业列表
2024-12-20 01:27:36 [http-nio-8081-exec-2] INFO  operations.teacher - 老师 (id:77, 姓名:周旭豪, 昵称:logic) 获取作业 (id:14, title:作业三) 的提交列表
2024-12-20 01:31:11 [http-nio-8081-exec-8] INFO  operations.teacher - 老师 (id:77, 姓名:周旭豪, 昵称:logic) 获取作业列表
2024-12-20 01:31:16 [http-nio-8081-exec-2] INFO  operations.teacher - 老师 (id:77, 姓名:周旭豪, 昵称:logic) 获取作业 (id:14, title:作业三) 的提交列表
2024-12-20 01:34:16 [http-nio-8081-exec-7] INFO  operations.teacher - 教师 (id:77, 姓名:周旭豪, 昵称:logic) 获取了试卷列表
2024-12-20 01:34:16 [http-nio-8081-exec-8] INFO  operations.teacher - 教师 (id:77, 姓名:周旭豪, 昵称:logic) 获取班级列表
2024-12-20 01:34:16 [http-nio-8081-exec-2] INFO  operations.teacher - 教师 (id:77, 姓名:周旭豪, 昵称:logic) 获取小组列表
2024-12-20 01:34:18 [http-nio-8081-exec-9] INFO  operations.teacher - 老师 (id:77, 姓名:周旭豪, 昵称:logic) 获取作业列表
2024-12-20 01:34:26 [http-nio-8081-exec-4] INFO  operations.teacher - 老师 (id:77, 姓名:周旭豪, 昵称:logic) 获取作业 (id:14, title:作业三) 的提交列表
2024-12-20 01:48:09 [http-nio-8081-exec-10] INFO  operations.teacher - 老师 (id:77, 姓名:周旭豪, 昵称:logic) 获取作业列表
2024-12-20 01:49:37 [http-nio-8081-exec-7] INFO  operations.teacher - 老师 (id:77, 姓名:周旭豪, 昵称:logic) 获取作业 (id:14, title:作业三) 的提交列表
2024-12-20 01:58:26 [http-nio-8081-exec-5] INFO  operations.teacher - 老师 (id:77, 姓名:周旭豪, 昵称:logic) 获取作业列表
2024-12-20 02:02:05 [http-nio-8081-exec-6] INFO  operations.teacher - 老师 (id:77, 姓名:周旭豪, 昵称:logic) 获取作业 (id:15, title:作业四) 的提交列表
2024-12-20 02:02:42 [http-nio-8081-exec-8] INFO  operations.teacher - 老师 (id:77, 姓名:周旭豪, 昵称:logic) 获取作业 (id:1, title:作业一) 的提交列表
2024-12-20 02:02:44 [http-nio-8081-exec-2] INFO  operations.teacher - 老师 (id:77, 姓名:周旭豪, 昵称:logic) 获取作业 (id:15, title:作业四) 的提交列表
2024-12-20 02:02:49 [http-nio-8081-exec-4] INFO  operations.teacher - 老师 (id:77, 姓名:周旭豪, 昵称:logic) 获取作业 (id:3, title:作业二) 的提交列表
2024-12-20 02:06:51 [http-nio-8081-exec-1] INFO  operations.teacher - 老师 (id:77, 姓名:周旭豪, 昵称:logic) 获取作业列表
2024-12-20 02:06:55 [http-nio-8081-exec-10] INFO  operations.teacher - 老师 (id:77, 姓名:周旭豪, 昵称:logic) 获取作业 (id:14, title:作业三) 的提交列表
2024-12-20 02:06:59 [http-nio-8081-exec-6] INFO  operations.teacher - 老师 (id:77, 姓名:周旭豪, 昵称:logic) 获取作业 (id:14, title:作业三) 的提交列表
2024-12-20 02:07:05 [http-nio-8081-exec-7] INFO  operations.teacher - 老师 (id:77, 姓名:周旭豪, 昵称:logic) 获取作业 (id:15, title:作业四) 的提交列表
2024-12-20 02:07:19 [http-nio-8081-exec-8] INFO  operations.teacher - 老师 (id:77, 姓名:周旭豪, 昵称:logic) 获取作业 (id:3, title:作业二) 的提交列表
2024-12-20 02:08:29 [http-nio-8081-exec-9] INFO  operations.teacher - 老师 (id:77, 姓名:周旭豪, 昵称:logic) 获取作业列表
2024-12-20 02:08:32 [http-nio-8081-exec-4] INFO  operations.teacher - 老师 (id:77, 姓名:周旭豪, 昵称:logic) 获取作业 (id:14, title:作业三) 的提交列表
2024-12-20 02:09:09 [http-nio-8081-exec-5] INFO  operations.teacher - 老师 (id:77, 姓名:周旭豪, 昵称:logic) 获取作业列表
2024-12-20 02:09:46 [http-nio-8081-exec-1] INFO  operations.teacher - 老师 (id:77, 姓名:周旭豪, 昵称:logic) 获取作业 (id:14, title:作业三) 的提交列表
2024-12-20 02:10:22 [http-nio-8081-exec-3] INFO  operations.teacher - 老师 (id:77, 姓名:周旭豪, 昵称:logic) 获取作业列表
2024-12-20 02:10:26 [http-nio-8081-exec-10] INFO  operations.teacher - 老师 (id:77, 姓名:周旭豪, 昵称:logic) 获取作业 (id:1, title:作业一) 的提交列表
2024-12-20 02:10:35 [http-nio-8081-exec-6] INFO  operations.teacher - 老师 (id:77, 姓名:周旭豪, 昵称:logic) 获取作业 (id:15, title:作业四) 的提交列表
2024-12-20 02:11:55 [http-nio-8081-exec-8] INFO  operations.teacher - 老师 (id:77, 姓名:周旭豪, 昵称:logic) 获取作业列表
2024-12-20 02:12:01 [http-nio-8081-exec-2] INFO  operations.teacher - 老师 (id:77, 姓名:周旭豪, 昵称:logic) 获取作业 (id:3, title:作业二) 的提交列表
2024-12-20 02:12:47 [http-nio-8081-exec-9] INFO  operations.teacher - 老师 (id:77, 姓名:周旭豪, 昵称:logic) 获取作业列表
2024-12-20 02:12:54 [http-nio-8081-exec-4] INFO  operations.teacher - 老师 (id:77, 姓名:周旭豪, 昵称:logic) 获取作业 (id:3, title:作业二) 的提交列表
2024-12-20 02:13:42 [http-nio-8081-exec-5] INFO  operations.teacher - 老师 (id:77, 姓名:周旭豪, 昵称:logic) 获取作业 (id:15, title:作业四) 的提交列表
2024-12-20 02:14:54 [http-nio-8081-exec-3] INFO  operations.teacher - 老师 (id:77, 姓名:周旭豪, 昵称:logic) 获取作业列表
2024-12-20 02:15:00 [http-nio-8081-exec-10] INFO  operations.teacher - 老师 (id:77, 姓名:周旭豪, 昵称:logic) 获取作业 (id:3, title:作业二) 的提交列表
2024-12-20 02:17:58 [http-nio-8081-exec-7] INFO  operations.teacher - 老师 (id:77, 姓名:周旭豪, 昵称:logic) 获取作业列表
2024-12-20 02:18:02 [http-nio-8081-exec-8] INFO  operations.teacher - 老师 (id:77, 姓名:周旭豪, 昵称:logic) 获取作业 (id:14, title:作业三) 的提交列表
2024-12-20 02:18:30 [http-nio-8081-exec-2] INFO  operations.teacher - 老师 (id:77, 姓名:周旭豪, 昵称:logic) 获取作业列表
2024-12-20 02:18:40 [http-nio-8081-exec-9] INFO  operations.teacher - 老师 (id:77, 姓名:周旭豪, 昵称:logic) 获取作业 (id:3, title:作业二) 的提交列表
2024-12-20 02:18:54 [http-nio-8081-exec-4] INFO  operations.teacher - 老师 (id:77, 姓名:周旭豪, 昵称:logic) 获取作业 (id:1, title:作业一) 的提交列表
2024-12-20 02:19:57 [http-nio-8081-exec-1] INFO  operations.teacher - 老师 (id:77, 姓名:周旭豪, 昵称:logic) 获取作业列表
2024-12-20 02:21:42 [http-nio-8081-exec-10] INFO  operations.teacher - 老师 (id:77, 姓名:周旭豪, 昵称:logic) 获取作业列表
2024-12-20 02:21:47 [http-nio-8081-exec-6] INFO  operations.teacher - 老师 (id:77, 姓名:周旭豪, 昵称:logic) 获取作业 (id:14, title:作业三) 的提交列表
2024-12-20 02:22:38 [http-nio-8081-exec-7] INFO  operations.teacher - 老师 (id:77, 姓名:周旭豪, 昵称:logic) 获取作业列表
2024-12-20 02:25:36 [http-nio-8081-exec-2] INFO  operations.teacher - 老师 (id:77, 姓名:周旭豪, 昵称:logic) 获取作业列表
2024-12-20 02:25:43 [http-nio-8081-exec-9] INFO  operations.teacher - 老师 (id:77, 姓名:周旭豪, 昵称:logic) 获取作业 (id:14, title:作业三) 的提交列表
2024-12-20 02:26:19 [http-nio-8081-exec-4] INFO  operations.teacher - 老师 (id:77, 姓名:周旭豪, 昵称:logic) 获取作业列表
2024-12-20 02:27:06 [http-nio-8081-exec-5] INFO  operations.teacher - 老师 (id:77, 姓名:周旭豪, 昵称:logic) 获取作业列表
2024-12-20 02:27:13 [http-nio-8081-exec-1] INFO  operations.teacher - 老师 (id:77, 姓名:周旭豪, 昵称:logic) 获取作业 (id:15, title:作业四) 的提交列表
2024-12-20 02:27:23 [http-nio-8081-exec-3] INFO  operations.teacher - 老师 (id:77, 姓名:周旭豪, 昵称:logic) 获取作业列表
2024-12-20 02:30:36 [http-nio-8081-exec-6] INFO  operations.teacher - 老师 (id:77, 姓名:周旭豪, 昵称:logic) 获取作业 (id:14, title:作业三) 的提交列表
2024-12-20 02:30:41 [http-nio-8081-exec-8] INFO  operations.teacher - 老师 (id:77, 姓名:周旭豪, 昵称:logic) 获取作业列表
2024-12-20 02:32:28 [http-nio-8081-exec-9] INFO  operations.teacher - 老师 (id:77, 姓名:周旭豪, 昵称:logic) 获取作业列表
2024-12-20 02:32:52 [http-nio-8081-exec-4] INFO  operations.teacher - 老师 (id:77, 姓名:周旭豪, 昵称:logic) 获取作业列表
2024-12-20 02:33:00 [http-nio-8081-exec-5] INFO  operations.teacher - 老师 (id:77, 姓名:周旭豪, 昵称:logic) 获取作业 (id:14, title:作业三) 的提交列表
2024-12-20 02:34:11 [http-nio-8081-exec-3] INFO  operations.teacher - 老师 (id:77, 姓名:周旭豪, 昵称:logic) 获取作业列表
2024-12-20 02:34:19 [http-nio-8081-exec-6] INFO  operations.teacher - 老师 (id:77, 姓名:周旭豪, 昵称:logic) 获取作业 (id:3, title:作业二) 的提交列表
2024-12-20 02:34:24 [http-nio-8081-exec-8] INFO  operations.teacher - 老师 (id:77, 姓名:周旭豪, 昵称:logic) 获取作业 (id:1, title:作业一) 的提交列表
2024-12-20 02:34:31 [http-nio-8081-exec-2] INFO  operations.teacher - 老师 (id:77, 姓名:周旭豪, 昵称:logic) 获取作业列表
2024-12-20 02:34:35 [http-nio-8081-exec-9] INFO  operations.teacher - 老师 (id:77, 姓名:周旭豪, 昵称:logic) 获取作业 (id:14, title:作业三) 的提交列表
2024-12-20 02:34:40 [http-nio-8081-exec-4] INFO  operations.teacher - 老师 (id:77, 姓名:周旭豪, 昵称:logic) 获取作业列表
2024-12-20 02:34:45 [http-nio-8081-exec-1] INFO  operations.teacher - 老师 (id:77, 姓名:周旭豪, 昵称:logic) 获取作业 (id:15, title:作业四) 的提交列表
2024-12-20 02:34:51 [http-nio-8081-exec-3] INFO  operations.teacher - 老师 (id:77, 姓名:周旭豪, 昵称:logic) 获取作业 (id:3, title:作业二) 的提交列表
2024-12-20 02:34:55 [http-nio-8081-exec-10] INFO  operations.teacher - 老师 (id:77, 姓名:周旭豪, 昵称:logic) 获取作业 (id:1, title:作业一) 的提交列表
2024-12-20 02:35:01 [http-nio-8081-exec-6] INFO  operations.teacher - 老师 (id:77, 姓名:周旭豪, 昵称:logic) 获取作业列表
2024-12-20 02:35:05 [http-nio-8081-exec-7] INFO  operations.teacher - 老师 (id:77, 姓名:周旭豪, 昵称:logic) 获取作业 (id:14, title:作业三) 的提交列表
2024-12-20 02:37:01 [http-nio-8081-exec-9] INFO  operations.teacher - 老师 (id:77, 姓名:周旭豪, 昵称:logic) 获取作业 (id:14, title:作业三) 的提交列表
2024-12-20 02:37:08 [http-nio-8081-exec-4] INFO  operations.teacher - 老师 (id:77, 姓名:周旭豪, 昵称:logic) 获取作业 (id:3, title:作业二) 的提交列表
2024-12-20 02:37:15 [http-nio-8081-exec-5] INFO  operations.teacher - 老师 (id:77, 姓名:周旭豪, 昵称:logic) 获取作业 (id:1, title:作业一) 的提交列表
2024-12-20 02:37:24 [http-nio-8081-exec-3] INFO  operations.teacher - 老师 (id:77, 姓名:周旭豪, 昵称:logic) 使用了根据题型出卷功能
2024-12-20 02:38:41 [http-nio-8081-exec-2] INFO  operations.teacher - 教师 (id:77, 姓名:周旭豪, 昵称:logic) 获取知识点列表
2024-12-20 02:38:42 [http-nio-8081-exec-9] INFO  operations.teacher - 教师 (id:77, 姓名:周旭豪, 昵称:logic) 获取知识点列表
2024-12-20 02:41:37 [http-nio-8081-exec-1] INFO  operations.teacher - 老师 (id:77, 姓名:周旭豪, 昵称:logic) 使用了根据题型出卷功能
2024-12-20 02:43:29 [http-nio-8081-exec-6] INFO  operations.teacher - 老师 (id:77, 姓名:周旭豪, 昵称:logic) 使用了根据题型出卷功能
2024-12-20 02:44:20 [http-nio-8081-exec-10] INFO  operations.teacher - 教师 (id:77, 姓名:周旭豪, 昵称:logic) 获取知识点列表
2024-12-20 02:44:25 [http-nio-8081-exec-7] INFO  operations.teacher - 老师 (id:77, 姓名:周旭豪, 昵称:logic) 使用了根据题型出卷功能
2024-12-20 02:45:27 [http-nio-8081-exec-8] INFO  operations.teacher - 老师 (id:77, 姓名:周旭豪, 昵称:logic) 使用了根据题型出卷功能
2024-12-20 02:45:32 [http-nio-8081-exec-2] INFO  operations.teacher - 教师 (id:77, 姓名:周旭豪, 昵称:logic) 获取知识点列表
2024-12-20 02:45:40 [http-nio-8081-exec-4] INFO  operations.teacher - 教师 (id:77, 姓名:周旭豪, 昵称:logic) 获取知识点列表
2024-12-20 02:47:39 [http-nio-8081-exec-6] INFO  operations.teacher - 教师 (id:77, 姓名:周旭豪, 昵称:logic) 获取知识点列表
2024-12-20 02:49:52 [http-nio-8081-exec-2] INFO  operations.teacher - 教师 (id:77, 姓名:周旭豪, 昵称:logic) 获取知识点列表
2024-12-20 02:49:56 [http-nio-8081-exec-1] INFO  operations.teacher - 教师 (id:77, 姓名:周旭豪, 昵称:logic) 获取班级列表
2024-12-20 02:49:57 [http-nio-8081-exec-5] INFO  operations.teacher - 教师 (id:77, 姓名:周旭豪, 昵称:logic) 获取小组列表
2024-12-20 02:50:44 [http-nio-8081-exec-3] INFO  operations.teacher - 教师 (id:77, 姓名:周旭豪, 昵称:logic) 获取知识点列表
2024-12-20 02:50:52 [http-nio-8081-exec-7] INFO  operations.teacher - 教师 (id:77, 姓名:周旭豪, 昵称:logic) 查看课标 (id:144, 标题:课程标准, 执行日期:2024-11-29)
2024-12-20 02:50:54 [http-nio-8081-exec-8] INFO  operations.teacher - 教师 (id:77, 姓名:周旭豪, 昵称:logic) 查看知识点
2024-12-20 02:50:55 [http-nio-8081-exec-9] INFO  operations.teacher - 教师 (id:77, 姓名:周旭豪, 昵称:logic) 获取班级列表
2024-12-20 02:50:56 [http-nio-8081-exec-4] INFO  operations.teacher - 教师 (id:77, 姓名:周旭豪, 昵称:logic) 获取小组列表
2024-12-20 02:54:15 [http-nio-8081-exec-3] INFO  operations.teacher - 教师 (id:77, 姓名:周旭豪, 昵称:logic) 获取班级列表
2024-12-20 02:54:16 [http-nio-8081-exec-6] INFO  operations.teacher - 教师 (id:77, 姓名:周旭豪, 昵称:logic) 获取小组列表
2024-12-20 02:54:36 [http-nio-8081-exec-9] INFO  operations.teacher - 教师 (id:77, 姓名:周旭豪, 昵称:logic) 获取班级列表
2024-12-20 02:54:37 [http-nio-8081-exec-4] INFO  operations.teacher - 教师 (id:77, 姓名:周旭豪, 昵称:logic) 获取小组列表
2024-12-20 02:54:40 [http-nio-8081-exec-5] INFO  operations.teacher - 老师 (id:77, 姓名:周旭豪, 昵称:logic) 获取已上传题目
2024-12-20 02:54:41 [http-nio-8081-exec-3] INFO  operations.teacher - 教师 (id:77, 姓名:周旭豪, 昵称:logic) 获取班级列表
2024-12-20 02:54:42 [http-nio-8081-exec-6] INFO  operations.teacher - 教师 (id:77, 姓名:周旭豪, 昵称:logic) 获取小组列表
2024-12-20 02:55:58 [http-nio-8081-exec-2] INFO  operations.teacher - 教师 (id:77, 姓名:周旭豪, 昵称:logic) 获取班级列表
2024-12-20 02:55:59 [http-nio-8081-exec-8] INFO  operations.teacher - 教师 (id:77, 姓名:周旭豪, 昵称:logic) 获取小组列表
2024-12-20 02:56:02 [http-nio-8081-exec-4] INFO  operations.teacher - 教师 (id:77, 姓名:周旭豪, 昵称:logic) 获取班级列表
2024-12-20 02:56:03 [http-nio-8081-exec-1] INFO  operations.teacher - 教师 (id:77, 姓名:周旭豪, 昵称:logic) 获取小组列表
2024-12-20 02:56:08 [http-nio-8081-exec-6] INFO  operations.teacher - 教师 (id:77, 姓名:周旭豪, 昵称:logic) 查看课标 (id:144, 标题:课程标准, 执行日期:2024-11-29)
2024-12-20 02:56:10 [http-nio-8081-exec-7] INFO  operations.teacher - 教师 (id:77, 姓名:周旭豪, 昵称:logic) 获取班级列表
2024-12-20 02:56:10 [http-nio-8081-exec-10] INFO  operations.teacher - 教师 (id:77, 姓名:周旭豪, 昵称:logic) 获取小组列表
2024-12-20 02:56:18 [http-nio-8081-exec-4] INFO  operations.teacher - 教师 (id:77, 姓名:周旭豪, 昵称:logic) 获取班级列表
2024-12-20 02:56:19 [http-nio-8081-exec-1] INFO  operations.teacher - 教师 (id:77, 姓名:周旭豪, 昵称:logic) 获取小组列表
2024-12-20 20:56:16 [http-nio-8081-exec-5] INFO  operations.teacher - 教师 (id:77, 姓名:周旭豪, 昵称:logic) 查看知识点
2024-12-20 20:56:19 [http-nio-8081-exec-9] INFO  operations.teacher - 教师 (id:77, 姓名:周旭豪, 昵称:logic) 获取班级列表
2024-12-20 20:56:20 [http-nio-8081-exec-4] INFO  operations.teacher - 教师 (id:77, 姓名:周旭豪, 昵称:logic) 获取小组列表
2024-12-20 20:56:36 [http-nio-8081-exec-10] INFO  operations.teacher - 老师 (id:77, 姓名:周旭豪, 昵称:logic) 获取已上传题目
2024-12-20 20:56:50 [http-nio-8081-exec-8] INFO  operations.teacher - 教师 (id:77, 姓名:周旭豪, 昵称:logic) 获取了试卷列表
2024-12-20 20:56:50 [http-nio-8081-exec-5] INFO  operations.teacher - 教师 (id:77, 姓名:周旭豪, 昵称:logic) 获取班级列表
2024-12-20 20:56:51 [http-nio-8081-exec-7] INFO  operations.teacher - 教师 (id:77, 姓名:周旭豪, 昵称:logic) 获取小组列表
2024-12-20 20:56:52 [http-nio-8081-exec-4] INFO  operations.teacher - 老师 (id:77, 姓名:周旭豪, 昵称:logic) 获取作业列表
2024-12-20 20:57:02 [http-nio-8081-exec-1] INFO  operations.teacher - 老师 (id:77, 姓名:周旭豪, 昵称:logic) 获取已上传题目
2024-12-20 20:57:05 [http-nio-8081-exec-2] INFO  operations.teacher - 老师 (id:77, 姓名:周旭豪, 昵称:logic) 获取已上传题目
2024-12-20 20:57:39 [http-nio-8081-exec-10] INFO  operations.teacher - 老师 (id:77, 姓名:周旭豪, 昵称:logic) 使用了根据题型出卷功能
2024-12-20 20:59:30 [http-nio-8081-exec-1] INFO  operations.teacher - 教师 (id:77, 姓名:周旭豪, 昵称:logic) 获取知识点列表
2024-12-20 21:00:04 [http-nio-8081-exec-2] INFO  operations.teacher - 老师 (id:77, 姓名:周旭豪, 昵称:logic) 使用了根据题型出卷功能
2024-12-20 21:00:15 [http-nio-8081-exec-3] INFO  operations.teacher - 老师 (id:77, 姓名:周旭豪, 昵称:logic) 使用了根据题型出卷功能
2024-12-20 21:00:19 [http-nio-8081-exec-10] INFO  operations.teacher - 老师 (id:77, 姓名:周旭豪, 昵称:logic) 使用了根据题型出卷功能
2024-12-20 21:01:31 [http-nio-8081-exec-9] INFO  operations.teacher - 教师 (id:77, 姓名:周旭豪, 昵称:logic) 获取知识点列表
2024-12-20 21:01:59 [http-nio-8081-exec-7] INFO  operations.teacher - 老师 (id:77, 姓名:周旭豪, 昵称:logic) 使用了根据题型出卷功能
2024-12-20 21:03:34 [http-nio-8081-exec-2] INFO  operations.teacher - 教师 (id:77, 姓名:周旭豪, 昵称:logic) 获取知识点列表
2024-12-20 21:05:48 [http-nio-8081-exec-5] INFO  operations.teacher - 老师 (id:77, 姓名:周旭豪, 昵称:logic) 使用了根据题型出卷功能
2024-12-20 21:23:28 [http-nio-8081-exec-1] INFO  operations.teacher - 老师 (id:77, 姓名:周旭豪, 昵称:logic) 使用了根据题型出卷功能
2024-12-20 21:32:44 [http-nio-8081-exec-3] INFO  operations.teacher - 老师 (id:77, 姓名:周旭豪, 昵称:logic) 使用了根据题型出卷功能
2024-12-20 21:38:24 [http-nio-8081-exec-5] INFO  operations.teacher - 教师 (id:77, 姓名:周旭豪, 昵称:logic) 获取知识点列表
2024-12-20 21:39:40 [http-nio-8081-exec-10] INFO  operations.teacher - 教师 (id:77, 姓名:周旭豪, 昵称:logic) 获取了试卷列表
2024-12-20 21:39:40 [http-nio-8081-exec-6] INFO  operations.teacher - 教师 (id:77, 姓名:周旭豪, 昵称:logic) 获取班级列表
2024-12-20 21:39:41 [http-nio-8081-exec-8] INFO  operations.teacher - 教师 (id:77, 姓名:周旭豪, 昵称:logic) 获取小组列表
2024-12-20 21:39:48 [http-nio-8081-exec-9] INFO  operations.teacher - 老师 (id:77, 姓名:周旭豪, 昵称:logic) 获取作业列表
2024-12-20 21:39:54 [http-nio-8081-exec-7] INFO  operations.teacher - 教师 (id:77, 姓名:周旭豪, 昵称:logic) 获取知识点列表
2024-12-20 21:44:35 [http-nio-8081-exec-7] INFO  operations.teacher - 教师 (id:77, 姓名:周旭豪, 昵称:logic) 获取知识点列表
2024-12-20 21:45:57 [http-nio-8081-exec-3] INFO  operations.teacher - 教师 (id:77, 姓名:周旭豪, 昵称:logic) 获取知识点列表
2024-12-20 21:45:57 [http-nio-8081-exec-4] INFO  operations.teacher - 教师 (id:77, 姓名:周旭豪, 昵称:logic) 获取知识点列表
2024-12-20 21:45:57 [http-nio-8081-exec-10] INFO  operations.teacher - 教师 (id:77, 姓名:周旭豪, 昵称:logic) 获取知识点列表
2024-12-20 21:46:32 [http-nio-8081-exec-6] INFO  operations.teacher - 教师 (id:77, 姓名:周旭豪, 昵称:logic) 获取知识点列表
2024-12-20 22:05:21 [http-nio-8081-exec-5] INFO  operations.teacher - 老师 (id:77, 姓名:周旭豪, 昵称:logic) 使用了根据题型出卷功能
2024-12-20 22:07:11 [http-nio-8081-exec-7] INFO  operations.teacher - 老师 (id:77, 姓名:周旭豪, 昵称:logic) 使用了根据题型出卷功能
2024-12-20 22:07:17 [http-nio-8081-exec-1] INFO  operations.teacher - 老师 (id:77, 姓名:周旭豪, 昵称:logic) 使用了根据题型出卷功能
2024-12-20 22:07:29 [http-nio-8081-exec-2] INFO  operations.teacher - 老师 (id:77, 姓名:周旭豪, 昵称:logic) 使用了根据题型出卷功能
2024-12-20 22:21:41 [http-nio-8081-exec-10] INFO  operations.teacher - 教师 (id:77, 姓名:周旭豪, 昵称:logic) 获取知识点列表
2024-12-20 22:29:49 [http-nio-8081-exec-4] INFO  operations.teacher - 教师 (id:77, 姓名:周旭豪, 昵称:logic) 获取知识点列表
2024-12-20 22:34:27 [http-nio-8081-exec-6] INFO  operations.teacher - 教师 (id:77, 姓名:周旭豪, 昵称:logic) 获取知识点列表
2024-12-20 22:35:47 [http-nio-8081-exec-5] INFO  operations.teacher - 教师 (id:77, 姓名:周旭豪, 昵称:logic) 获取知识点列表
2024-12-20 22:36:12 [http-nio-8081-exec-2] INFO  operations.teacher - 老师 (id:77, 姓名:周旭豪, 昵称:logic) 使用了根据题型出卷功能
2024-12-20 22:36:50 [http-nio-8081-exec-4] INFO  operations.teacher - 老师 (id:77, 姓名:周旭豪, 昵称:logic) 使用了根据题型出卷功能
2024-12-20 22:37:03 [http-nio-8081-exec-10] INFO  operations.teacher - 老师 (id:77, 姓名:周旭豪, 昵称:logic) 使用了根据题型出卷功能
2024-12-20 22:37:40 [http-nio-8081-exec-8] INFO  operations.teacher - 教师 (id:77, 姓名:周旭豪, 昵称:logic) 获取知识点列表
2024-12-20 22:37:52 [http-nio-8081-exec-9] INFO  operations.teacher - 教师 (id:77, 姓名:周旭豪, 昵称:logic) 获取知识点列表
2024-12-20 23:05:04 [http-nio-8081-exec-4] INFO  operations.teacher - 教师 (id:77, 姓名:周旭豪, 昵称:logic) 获取知识点列表
2024-12-20 23:12:09 [http-nio-8081-exec-1] INFO  operations.teacher - 教师 (id:77, 姓名:周旭豪, 昵称:logic) 获取知识点列表
2024-12-20 23:21:26 [http-nio-8081-exec-6] INFO  operations.teacher - 教师 (id:77, 姓名:周旭豪, 昵称:logic) 获取知识点列表
2024-12-20 23:21:36 [http-nio-8081-exec-5] INFO  operations.teacher - 教师 (id:77, 姓名:周旭豪, 昵称:logic) 查看课标 (id:144, 标题:课程标准, 执行日期:2024-11-29)
2024-12-20 23:27:50 [http-nio-8081-exec-10] INFO  operations.teacher - 老师 (id:77, 姓名:周旭豪, 昵称:logic) 获取已上传题目
2024-12-20 23:27:54 [http-nio-8081-exec-9] INFO  operations.teacher - 老师 (id:77, 姓名:周旭豪, 昵称:logic) 获取已上传题目
